{"level":"info","message":"\n        ###########################################\n        ♦️ App listening on port: 7777 ♦️\n        ############################################\n        ","timestamp":"2023-09-09T23:49:48.317 +01:00"}
{"level":"info","message":"\n        ###########################################\n        ♦️ App listening on port: 7777 ♦️\n        ############################################\n        ","timestamp":"2023-09-09T23:49:50.516 +01:00"}
{"level":"info","message":"\n        ###########################################\n        ♦️ App listening on port: 7777 ♦️\n        ############################################\n        ","timestamp":"2023-09-09T23:50:26.420 +01:00"}
{"level":"info","message":"\n        ###########################################\n        ♦️ App listening on port: 7777 ♦️\n        ############################################\n        ","timestamp":"2023-09-09T23:50:29.052 +01:00"}
{"level":"info","message":"\n        ###########################################\n        ♦️ App listening on port: 7776 ♦️\n        ############################################\n        ","timestamp":"2023-09-09T23:51:43.527 +01:00"}
{"level":"info","message":"\n        ###########################################\n        ♦️ App listening on port: 7776 ♦️\n        ############################################\n        ","timestamp":"2023-09-09T23:51:46.022 +01:00"}
{"level":"info","message":"\n        ###########################################\n        ♦️ App listening on port: 7776 ♦️\n        ############################################\n        ","timestamp":"2023-09-10T00:03:05.263 +01:00"}
{"level":"info","message":"\n        ###########################################\n        ♦️ App listening on port: 7776 \n        ############################################\n        ","timestamp":"2023-09-10T00:04:07.000 +01:00"}
{"level":"info","message":"\n        ###########################################\n         App listening on port: 7776 \n        ############################################\n        ","timestamp":"2023-09-10T00:04:11.814 +01:00"}
{"level":"info","message":"\n        ###########################################\n        🛡️  App listening on port: 7776 \n        ############################################\n        ","timestamp":"2023-09-10T00:04:39.098 +01:00"}
{"level":"info","message":"\n        ###########################################\n        🛡️ App listening on port: 7776 \n        ############################################\n        ","timestamp":"2023-09-10T00:04:41.298 +01:00"}
{"level":"info","message":"\n        ###########################################\n        🛡️ App listening on port: 7776 🛡️ \n        ############################################\n        ","timestamp":"2023-09-10T00:04:44.128 +01:00"}
{"level":"info","message":"\n        ###########################################\n        🛡️ App listening on port: 7776 🛡️ \n        ############################################\n        ","timestamp":"2023-09-10T00:04:52.304 +01:00"}
{"level":"info","message":"\n        ###########################################\n        🛡️ App listening on port: 7776 🛡️ \n        ############################################\n        ","timestamp":"2023-09-10T00:18:52.316 +01:00"}
{"level":"info","message":"\n        ###########################################\n        ♦️ App listening on port: 7776 ♦️\n        ############################################\n        ","timestamp":"2023-09-10T00:19:07.274 +01:00"}
{"level":"info","message":"\n        ###########################################\n        ♦️ App listening on port: 7776 ♦️👳🏽‍♀️\n        ############################################\n        ","timestamp":"2023-09-10T00:20:58.428 +01:00"}
{"level":"info","message":"\n        ###########################################\n        👳🏽‍♀️♦️ App listening on port: 7776 ♦️👳🏽‍♀️\n        ############################################\n        ","timestamp":"2023-09-10T00:21:06.244 +01:00"}
{"level":"info","message":"\n        ###########################################\n        👳🏽♦️ App listening on port: 7776 ♦️👳🏽‍♀️\n        ############################################\n        ","timestamp":"2023-09-10T00:24:32.047 +01:00"}
{"level":"info","message":"\n        ###########################################\n        ♦️ App listening on port: 7776 ♦️👳🏽‍♀️\n        ############################################\n        ","timestamp":"2023-09-10T00:24:34.776 +01:00"}
{"level":"info","message":"\n        ###########################################\n        ♦️♦️ App listening on port: 7776 ♦️👳🏽‍♀️\n        ############################################\n        ","timestamp":"2023-09-10T00:24:45.678 +01:00"}
{"level":"info","message":"\n        ###########################################\n        ♦️♦️♦️ App listening on port: 7776 ♦️👳🏽‍♀️\n        ############################################\n        ","timestamp":"2023-09-10T00:24:49.924 +01:00"}
{"level":"info","message":"\n        ###########################################\n        ♦️♦️♦️♦️ App listening on port: 7776 ♦️👳🏽‍♀️\n        ############################################\n        ","timestamp":"2023-09-10T00:24:50.914 +01:00"}
{"level":"info","message":"\n        ###########################################\n        ♦️♦️♦️♦️ App listening on port: 7776 ♦️♦️♦️♦️👳🏽‍♀️\n        ############################################\n        ","timestamp":"2023-09-10T00:24:55.417 +01:00"}
{"level":"info","message":"\n        ###########################################\n        ♦️♦️♦️♦️ App listening on port: 7776 ♦️♦️♦️♦️👳🏽‍♀️\n        ####################################################\n        ","timestamp":"2023-09-10T00:25:03.878 +01:00"}
{"level":"info","message":"\n        ####################################################\n        ♦️♦️♦️♦️ App listening on port: 7776 ♦️♦️♦️♦️👳🏽‍♀️\n        ####################################################\n        ","timestamp":"2023-09-10T00:25:08.308 +01:00"}
{"level":"info","message":"\n        ####################################################\n        ♦️♦️♦️♦️ App listening on port: 7776 ♦️♦️♦️♦️👳🏽\n        ####################################################\n        ","timestamp":"2023-09-10T00:25:15.815 +01:00"}
{"level":"info","message":"\n        ####################################################\n        ♦️♦️♦️♦️ App listening on port: 7776 ♦️♦️♦️♦️\n        ####################################################\n        ","timestamp":"2023-09-10T00:25:18.594 +01:00"}
{"level":"info","message":"\n        ####################################################\n        ♦️♦️♦️♦️♦️♦️♦️♦️ App listening on port: 7776 ♦️♦️♦️♦️♦️♦️♦️♦️♦️♦️\n        ####################################################\n        ","timestamp":"2023-09-10T00:27:26.483 +01:00"}
{"level":"info","message":"\n        ####################################################\n        ♦️♦️♦️♦️♦️♦️♦️♦️♦️♦️ App listening on port: 7776 ♦️♦️♦️♦️♦️♦️♦️♦️♦️♦️\n        ####################################################\n        ","timestamp":"2023-09-10T00:27:36.239 +01:00"}
{"level":"info","message":"\n        ####################################################\n        ♦️♦️♦️♦️♦️♦️♦️♦️♦️♦️♦️ App listening on port: 7776 ♦️♦️♦️♦️♦️♦️♦️♦️♦️♦️\n        ####################################################\n        ","timestamp":"2023-09-10T00:27:42.004 +01:00"}
